TN:
SF:src\index.js
FN:7,(anonymous_0)
FN:27,(anonymous_1)
FN:29,(anonymous_2)
FN:30,(anonymous_3)
FN:31,(anonymous_4)
FNF:5
FNH:5
FNDA:9,(anonymous_0)
FNDA:5,(anonymous_1)
FNDA:3,(anonymous_2)
FNDA:1,(anonymous_3)
FNDA:1,(anonymous_4)
DA:7,1
DA:8,9
DA:9,9
DA:10,9
DA:11,8
DA:12,8
DA:13,8
DA:14,0
DA:17,9
DA:27,1
DA:28,5
DA:29,3
DA:30,1
DA:31,1
DA:33,5
DA:34,5
DA:35,5
DA:36,1
DA:38,4
LF:19
LH:18
BRDA:7,0,0,7
BRDA:10,1,0,8
BRDA:10,1,1,1
BRDA:10,2,0,9
BRDA:10,2,1,9
BRDA:13,3,0,0
BRDA:13,3,1,8
BRDA:14,4,0,0
BRDA:14,4,1,0
BRDA:17,5,0,3
BRDA:17,5,1,6
BRDA:27,6,0,1
BRDA:27,7,0,2
BRDA:27,8,0,4
BRDA:33,9,0,0
BRDA:33,9,1,5
BRDA:34,10,0,0
BRDA:34,10,1,5
BRDA:35,11,0,1
BRDA:35,11,1,4
BRDA:35,12,0,5
BRDA:35,12,1,5
BRDA:36,13,0,1
BRDA:36,13,1,1
BRF:24
BRH:19
end_of_record
